Using pre-set license
Built from '2020.3/staging' branch; Version is '2020.3.5f1 (8095aa901b9b) revision 8426922'; Using compiler version '192528614'; Build Type 'Release'
OS: 'Windows 10 Education; OS build 19044.1288; Version 2009; 64bit' Language: 'en' Physical Memory: 32617 MB
BatchMode: 1, IsHumanControllingUs: 0, StartBugReporterOnCrash: 0, Is64bit: 1, IsPro: 0

 COMMAND LINE ARGUMENTS:
C:\Program Files\Unity\Hub\Editor\2020.3.5f1\Editor\Unity.exe
-adb2
-batchMode
-noUpm
-name
AssetImportWorker0
-projectPath
C:/Users/s210954/Desktop/GitGood/trafficTiles/Traffic Tiles
-logFile
Logs/AssetImportWorker0.log
-srvPort
56987
Successfully changed project path to: C:/Users/s210954/Desktop/GitGood/trafficTiles/Traffic Tiles
C:/Users/s210954/Desktop/GitGood/trafficTiles/Traffic Tiles
Using Asset Import Pipeline V2.
Refreshing native plugins compatible for Editor in 22.15 ms, found 0 plugins.
Preloading 0 native plugins for Editor in 0.00 ms.
Initialize engine version: 2020.3.5f1 (8095aa901b9b)
[Subsystems] Discovering subsystems at path C:/Program Files/Unity/Hub/Editor/2020.3.5f1/Editor/Data/Resources/UnitySubsystems
[Subsystems] Discovering subsystems at path C:/Users/s210954/Desktop/GitGood/trafficTiles/Traffic Tiles/Assets
GfxDevice: creating device client; threaded=0
Direct3D:
    Version:  Direct3D 11.0 [level 11.1]
    Renderer: NVIDIA GeForce RTX 3060 Ti (ID=0x2489)
    Vendor:   
    VRAM:     8050 MB
    Driver:   30.0.14.9676
Initialize mono
Mono path[0] = 'C:/Program Files/Unity/Hub/Editor/2020.3.5f1/Editor/Data/Managed'
Mono path[1] = 'C:/Program Files/Unity/Hub/Editor/2020.3.5f1/Editor/Data/MonoBleedingEdge/lib/mono/unityjit'
Mono config path = 'C:/Program Files/Unity/Hub/Editor/2020.3.5f1/Editor/Data/MonoBleedingEdge/etc'
Using monoOptions --debugger-agent=transport=dt_socket,embedding=1,server=y,suspend=n,address=127.0.0.1:56620
Begin MonoManager ReloadAssembly
Registering precompiled unity dll's ...
Register platform support module: C:/Program Files/Unity/Hub/Editor/2020.3.5f1/Editor/Data/PlaybackEngines/WebGLSupport/UnityEditor.WebGL.Extensions.dll
Register platform support module: C:/Program Files/Unity/Hub/Editor/2020.3.5f1/Editor/Data/PlaybackEngines/WindowsStandaloneSupport/UnityEditor.WindowsStandalone.Extensions.dll
Registered in 0.001448 seconds.
Native extension for WindowsStandalone target not found
Native extension for WebGL target not found
Refreshing native plugins compatible for Editor in 23.07 ms, found 0 plugins.
Preloading 0 native plugins for Editor in 0.00 ms.
Mono: successfully reloaded assembly
- Completed reload, in  1.440 seconds
Platform modules already initialized, skipping
Registering precompiled user dll's ...
Registered in 0.000525 seconds.
Begin MonoManager ReloadAssembly
Symbol file data-0000022446C2EC10 doesn't match image C:\Users\s210954\Desktop\GitGood\trafficTiles\Traffic Tiles\Library\ScriptAssemblies\Assembly-CSharp.dll
Symbol file LoadedFromMemory is not a mono symbol file
Native extension for WindowsStandalone target not found
Native extension for WebGL target not found
Refreshing native plugins compatible for Editor in 0.25 ms, found 0 plugins.
Preloading 0 native plugins for Editor in 0.00 ms.
Mono: successfully reloaded assembly
- Completed reload, in  0.692 seconds
Platform modules already initialized, skipping
========================================================================
Worker process is ready to serve import requests
Launched and connected shader compiler UnityShaderCompiler.exe after 0.03 seconds
Refreshing native plugins compatible for Editor in 0.24 ms, found 0 plugins.
Preloading 0 native plugins for Editor in 0.00 ms.
Unloading 1479 Unused Serialized files (Serialized files now loaded: 0)
System memory in use before: 72.2 MB.
System memory in use after: 72.2 MB.

Unloading 11 unused Assets to reduce memory usage. Loaded Objects now: 1922.
Total: 2.034200 ms (FindLiveObjects: 0.167900 ms CreateObjectMapping: 0.051200 ms MarkObjects: 1.701200 ms  DeleteObjects: 0.112400 ms)

========================================================================
Received Import Request.
  path: Assets/Scripts/Tile_Move.cs
  artifactKey: Guid(3cb4d521b8aff254281ee5ba147b1ccb) Importer(815301076,1909f56bfc062723c751e8b465ee728b)
Start importing Assets/Scripts/Tile_Move.cs using Guid(3cb4d521b8aff254281ee5ba147b1ccb) Importer(815301076,1909f56bfc062723c751e8b465ee728b)  -> (artifact id: '70db839fe544ce0a8949257d1fa562cd') in 0.012931 seconds
  Import took 0.015104 seconds .

========================================================================
Received Prepare
Registering precompiled user dll's ...
Registered in 0.000580 seconds.
Begin MonoManager ReloadAssembly
Native extension for WindowsStandalone target not found
Native extension for WebGL target not found
Refreshing native plugins compatible for Editor in 0.24 ms, found 0 plugins.
Preloading 0 native plugins for Editor in 0.00 ms.
Mono: successfully reloaded assembly
- Completed reload, in  0.629 seconds
Platform modules already initialized, skipping
Refreshing native plugins compatible for Editor in 0.24 ms, found 0 plugins.
Preloading 0 native plugins for Editor in 0.00 ms.
Unloading 1452 Unused Serialized files (Serialized files now loaded: 0)
System memory in use before: 70.0 MB.
System memory in use after: 70.0 MB.

Unloading 6 unused Assets to reduce memory usage. Loaded Objects now: 1925.
Total: 1.499300 ms (FindLiveObjects: 0.177100 ms CreateObjectMapping: 0.050300 ms MarkObjects: 1.186900 ms  DeleteObjects: 0.084400 ms)

========================================================================
Received Import Request.
  Time since last request: 103.982758 seconds.
  path: Assets/Scripts/Tile_Move.cs
  artifactKey: Guid(3cb4d521b8aff254281ee5ba147b1ccb) Importer(815301076,1909f56bfc062723c751e8b465ee728b)
Start importing Assets/Scripts/Tile_Move.cs using Guid(3cb4d521b8aff254281ee5ba147b1ccb) Importer(815301076,1909f56bfc062723c751e8b465ee728b)  -> (artifact id: 'c6fb7c9204567434a1b89694569c40fe') in 0.003629 seconds
  Import took 0.005344 seconds .

========================================================================
Received Import Request.
  Time since last request: 1.380869 seconds.
  path: Assets/Scripts/Player_Controls.cs
  artifactKey: Guid(80a51cf4909e4b043af934ace1da4eaa) Importer(815301076,1909f56bfc062723c751e8b465ee728b)
Start importing Assets/Scripts/Player_Controls.cs using Guid(80a51cf4909e4b043af934ace1da4eaa) Importer(815301076,1909f56bfc062723c751e8b465ee728b)  -> (artifact id: '975dd8fd38cf78ee615bfd4c948d156e') in 0.003014 seconds
  Import took 0.004952 seconds .

========================================================================
Received Import Request.
  Time since last request: 0.020985 seconds.
  path: Assets/Scripts/Player_Controls.cs
  artifactKey: Guid(80a51cf4909e4b043af934ace1da4eaa) Importer(815301076,1909f56bfc062723c751e8b465ee728b)
Start importing Assets/Scripts/Player_Controls.cs using Guid(80a51cf4909e4b043af934ace1da4eaa) Importer(815301076,1909f56bfc062723c751e8b465ee728b)  -> (artifact id: '975dd8fd38cf78ee615bfd4c948d156e') in 0.003344 seconds
  Import took 0.005330 seconds .

========================================================================
Received Prepare
Registering precompiled user dll's ...
Registered in 0.000527 seconds.
Begin MonoManager ReloadAssembly
Native extension for WindowsStandalone target not found
Native extension for WebGL target not found
Refreshing native plugins compatible for Editor in 0.24 ms, found 0 plugins.
Preloading 0 native plugins for Editor in 0.00 ms.
Mono: successfully reloaded assembly
- Completed reload, in  0.636 seconds
Platform modules already initialized, skipping
Refreshing native plugins compatible for Editor in 0.25 ms, found 0 plugins.
Preloading 0 native plugins for Editor in 0.00 ms.
Unloading 1452 Unused Serialized files (Serialized files now loaded: 0)
System memory in use before: 70.1 MB.
System memory in use after: 70.1 MB.

Unloading 6 unused Assets to reduce memory usage. Loaded Objects now: 1928.
Total: 1.428600 ms (FindLiveObjects: 0.157500 ms CreateObjectMapping: 0.041900 ms MarkObjects: 1.162600 ms  DeleteObjects: 0.065700 ms)

========================================================================
Received Import Request.
  Time since last request: 260.207491 seconds.
  path: Assets/Scripts/Player_Controls.cs
  artifactKey: Guid(80a51cf4909e4b043af934ace1da4eaa) Importer(815301076,1909f56bfc062723c751e8b465ee728b)
Start importing Assets/Scripts/Player_Controls.cs using Guid(80a51cf4909e4b043af934ace1da4eaa) Importer(815301076,1909f56bfc062723c751e8b465ee728b)  -> (artifact id: '369809d418b0394ea024cae424aef8be') in 0.003674 seconds
  Import took 0.005616 seconds .

========================================================================
Received Import Request.
  Time since last request: 27.139577 seconds.
  path: Assets/Prefabs/Tile_Amber.prefab
  artifactKey: Guid(2be40ae316345c042853cc55c612a45f) Importer(815301076,1909f56bfc062723c751e8b465ee728b)
Start importing Assets/Prefabs/Tile_Amber.prefab using Guid(2be40ae316345c042853cc55c612a45f) Importer(815301076,1909f56bfc062723c751e8b465ee728b)  -> (artifact id: '8d6aefc4fc2ee61a4c493a5d275b977d') in 0.026010 seconds
  Import took 0.028136 seconds .

========================================================================
Received Import Request.
  Time since last request: 0.000231 seconds.
  path: Assets/Prefabs/Tile_Red.prefab
  artifactKey: Guid(234293e9d1d39ba48b255c0fc6355455) Importer(815301076,1909f56bfc062723c751e8b465ee728b)
Start importing Assets/Prefabs/Tile_Red.prefab using Guid(234293e9d1d39ba48b255c0fc6355455) Importer(815301076,1909f56bfc062723c751e8b465ee728b)  -> (artifact id: 'f525347100e084929c0efd8168d81bdc') in 0.003119 seconds
  Import took 0.005130 seconds .

========================================================================
Received Import Request.
  Time since last request: 0.000180 seconds.
  path: Assets/Prefabs/Tile_Green.prefab
  artifactKey: Guid(01f82b5dcf8c2184290595b8bb0e6db5) Importer(815301076,1909f56bfc062723c751e8b465ee728b)
Start importing Assets/Prefabs/Tile_Green.prefab using Guid(01f82b5dcf8c2184290595b8bb0e6db5) Importer(815301076,1909f56bfc062723c751e8b465ee728b)  -> (artifact id: '1abeb34e6113b5726eba854fc581e473') in 0.006417 seconds
  Import took 0.008328 seconds .

========================================================================
Received Prepare
Registering precompiled user dll's ...
Registered in 0.000696 seconds.
Begin MonoManager ReloadAssembly
Native extension for WindowsStandalone target not found
Native extension for WebGL target not found
Refreshing native plugins compatible for Editor in 0.24 ms, found 0 plugins.
Preloading 0 native plugins for Editor in 0.00 ms.
Mono: successfully reloaded assembly
- Completed reload, in  0.615 seconds
Platform modules already initialized, skipping
Refreshing native plugins compatible for Editor in 0.25 ms, found 0 plugins.
Preloading 0 native plugins for Editor in 0.00 ms.
Unloading 1452 Unused Serialized files (Serialized files now loaded: 0)
System memory in use before: 70.1 MB.
System memory in use after: 70.1 MB.

Unloading 6 unused Assets to reduce memory usage. Loaded Objects now: 1931.
Total: 1.413100 ms (FindLiveObjects: 0.141400 ms CreateObjectMapping: 0.046800 ms MarkObjects: 1.158600 ms  DeleteObjects: 0.065400 ms)

========================================================================
Received Import Request.
  Time since last request: 18.807128 seconds.
  path: Assets/Prefabs/Tile_Amber.prefab
  artifactKey: Guid(2be40ae316345c042853cc55c612a45f) Importer(815301076,1909f56bfc062723c751e8b465ee728b)
Start importing Assets/Prefabs/Tile_Amber.prefab using Guid(2be40ae316345c042853cc55c612a45f) Importer(815301076,1909f56bfc062723c751e8b465ee728b)  -> (artifact id: 'b94dee6060c49b91228c27ca6d6b680d') in 0.024780 seconds
  Import took 0.026838 seconds .

========================================================================
Received Import Request.
  Time since last request: 11.962292 seconds.
  path: Assets/Prefabs/Tile_Green.prefab
  artifactKey: Guid(01f82b5dcf8c2184290595b8bb0e6db5) Importer(815301076,1909f56bfc062723c751e8b465ee728b)
Start importing Assets/Prefabs/Tile_Green.prefab using Guid(01f82b5dcf8c2184290595b8bb0e6db5) Importer(815301076,1909f56bfc062723c751e8b465ee728b)  -> (artifact id: '0513e71d70e8041965938543417f3596') in 0.003821 seconds
  Import took 0.005860 seconds .

========================================================================
Received Prepare
Registering precompiled user dll's ...
Registered in 0.000474 seconds.
Begin MonoManager ReloadAssembly
Native extension for WindowsStandalone target not found
Native extension for WebGL target not found
Refreshing native plugins compatible for Editor in 0.25 ms, found 0 plugins.
Preloading 0 native plugins for Editor in 0.00 ms.
Mono: successfully reloaded assembly
- Completed reload, in  0.650 seconds
Platform modules already initialized, skipping
Refreshing native plugins compatible for Editor in 0.24 ms, found 0 plugins.
Preloading 0 native plugins for Editor in 0.00 ms.
Unloading 1452 Unused Serialized files (Serialized files now loaded: 0)
System memory in use before: 70.1 MB.
System memory in use after: 70.2 MB.

Unloading 6 unused Assets to reduce memory usage. Loaded Objects now: 1934.
Total: 1.711300 ms (FindLiveObjects: 0.206200 ms CreateObjectMapping: 0.047900 ms MarkObjects: 1.381000 ms  DeleteObjects: 0.075200 ms)

========================================================================
Received Prepare
Registering precompiled user dll's ...
Registered in 0.000574 seconds.
Begin MonoManager ReloadAssembly
Native extension for WindowsStandalone target not found
Native extension for WebGL target not found
Refreshing native plugins compatible for Editor in 0.24 ms, found 0 plugins.
Preloading 0 native plugins for Editor in 0.00 ms.
Mono: successfully reloaded assembly
- Completed reload, in  0.609 seconds
Platform modules already initialized, skipping
Refreshing native plugins compatible for Editor in 0.25 ms, found 0 plugins.
Preloading 0 native plugins for Editor in 0.00 ms.
Unloading 1452 Unused Serialized files (Serialized files now loaded: 0)
System memory in use before: 70.1 MB.
System memory in use after: 70.2 MB.

Unloading 6 unused Assets to reduce memory usage. Loaded Objects now: 1937.
Total: 2.160500 ms (FindLiveObjects: 0.137300 ms CreateObjectMapping: 0.045300 ms MarkObjects: 1.905800 ms  DeleteObjects: 0.071400 ms)

========================================================================
Received Prepare
Registering precompiled user dll's ...
Registered in 0.000532 seconds.
Begin MonoManager ReloadAssembly
Native extension for WindowsStandalone target not found
Native extension for WebGL target not found
Refreshing native plugins compatible for Editor in 0.24 ms, found 0 plugins.
Preloading 0 native plugins for Editor in 0.00 ms.
Mono: successfully reloaded assembly
- Completed reload, in  0.625 seconds
Platform modules already initialized, skipping
Refreshing native plugins compatible for Editor in 0.24 ms, found 0 plugins.
Preloading 0 native plugins for Editor in 0.00 ms.
Unloading 1452 Unused Serialized files (Serialized files now loaded: 0)
System memory in use before: 70.1 MB.
System memory in use after: 70.2 MB.

Unloading 6 unused Assets to reduce memory usage. Loaded Objects now: 1940.
Total: 1.608100 ms (FindLiveObjects: 0.148400 ms CreateObjectMapping: 0.039500 ms MarkObjects: 1.350300 ms  DeleteObjects: 0.068900 ms)

AssetImportWorkerClient::OnTransportError - code=2 error=End of file
