Using pre-set license
Built from '2020.3/staging' branch; Version is '2020.3.5f1 (8095aa901b9b) revision 8426922'; Using compiler version '192528614'; Build Type 'Release'
OS: 'Windows 10 Education; OS build 19044.1288; Version 2009; 64bit' Language: 'en' Physical Memory: 32617 MB
BatchMode: 1, IsHumanControllingUs: 0, StartBugReporterOnCrash: 0, Is64bit: 1, IsPro: 0

 COMMAND LINE ARGUMENTS:
C:\Program Files\Unity\Hub\Editor\2020.3.5f1\Editor\Unity.exe
-adb2
-batchMode
-noUpm
-name
AssetImportWorker0
-projectPath
C:/Users/s210954/Desktop/GitGood/trafficTiles/Traffic Tiles
-logFile
Logs/AssetImportWorker0.log
-srvPort
53414
Successfully changed project path to: C:/Users/s210954/Desktop/GitGood/trafficTiles/Traffic Tiles
C:/Users/s210954/Desktop/GitGood/trafficTiles/Traffic Tiles
Using Asset Import Pipeline V2.
Refreshing native plugins compatible for Editor in 22.56 ms, found 0 plugins.
Preloading 0 native plugins for Editor in 0.00 ms.
Initialize engine version: 2020.3.5f1 (8095aa901b9b)
[Subsystems] Discovering subsystems at path C:/Program Files/Unity/Hub/Editor/2020.3.5f1/Editor/Data/Resources/UnitySubsystems
[Subsystems] Discovering subsystems at path C:/Users/s210954/Desktop/GitGood/trafficTiles/Traffic Tiles/Assets
GfxDevice: creating device client; threaded=0
Direct3D:
    Version:  Direct3D 11.0 [level 11.1]
    Renderer: NVIDIA GeForce RTX 3060 Ti (ID=0x2489)
    Vendor:   
    VRAM:     8050 MB
    Driver:   30.0.14.9676
Initialize mono
Mono path[0] = 'C:/Program Files/Unity/Hub/Editor/2020.3.5f1/Editor/Data/Managed'
Mono path[1] = 'C:/Program Files/Unity/Hub/Editor/2020.3.5f1/Editor/Data/MonoBleedingEdge/lib/mono/unityjit'
Mono config path = 'C:/Program Files/Unity/Hub/Editor/2020.3.5f1/Editor/Data/MonoBleedingEdge/etc'
Using monoOptions --debugger-agent=transport=dt_socket,embedding=1,server=y,suspend=n,address=127.0.0.1:56428
Begin MonoManager ReloadAssembly
Registering precompiled unity dll's ...
Register platform support module: C:/Program Files/Unity/Hub/Editor/2020.3.5f1/Editor/Data/PlaybackEngines/WebGLSupport/UnityEditor.WebGL.Extensions.dll
Register platform support module: C:/Program Files/Unity/Hub/Editor/2020.3.5f1/Editor/Data/PlaybackEngines/WindowsStandaloneSupport/UnityEditor.WindowsStandalone.Extensions.dll
Registered in 0.001440 seconds.
Native extension for WindowsStandalone target not found
Native extension for WebGL target not found
Refreshing native plugins compatible for Editor in 24.80 ms, found 0 plugins.
Preloading 0 native plugins for Editor in 0.00 ms.
Mono: successfully reloaded assembly
- Completed reload, in  1.570 seconds
Platform modules already initialized, skipping
Registering precompiled user dll's ...
Registered in 0.000889 seconds.
Begin MonoManager ReloadAssembly
Native extension for WindowsStandalone target not found
Native extension for WebGL target not found
Refreshing native plugins compatible for Editor in 0.26 ms, found 0 plugins.
Preloading 0 native plugins for Editor in 0.00 ms.
Mono: successfully reloaded assembly
- Completed reload, in  0.721 seconds
Platform modules already initialized, skipping
========================================================================
Worker process is ready to serve import requests
Launched and connected shader compiler UnityShaderCompiler.exe after 0.03 seconds
Refreshing native plugins compatible for Editor in 0.24 ms, found 0 plugins.
Preloading 0 native plugins for Editor in 0.00 ms.
Unloading 1479 Unused Serialized files (Serialized files now loaded: 0)
System memory in use before: 72.2 MB.
System memory in use after: 72.2 MB.

Unloading 11 unused Assets to reduce memory usage. Loaded Objects now: 1922.
Total: 1.830300 ms (FindLiveObjects: 0.201900 ms CreateObjectMapping: 0.072800 ms MarkObjects: 1.453300 ms  DeleteObjects: 0.101600 ms)

========================================================================
Received Import Request.
  path: Assets/Scripts
  artifactKey: Guid(5fb4980afd0961d408bc6198f2f9f90d) Importer(815301076,1909f56bfc062723c751e8b465ee728b)
Start importing Assets/Scripts using Guid(5fb4980afd0961d408bc6198f2f9f90d) Importer(815301076,1909f56bfc062723c751e8b465ee728b)  -> (artifact id: '6f8612944de9daddbd8e0e9ad3fb490e') in 0.007085 seconds
  Import took 0.009470 seconds .

========================================================================
Received Import Request.
  Time since last request: 0.000261 seconds.
  path: Assets/Scripts/Tile_Spawn.cs
  artifactKey: Guid(50379b3b0b41f8e46aff464ee6d361bb) Importer(815301076,1909f56bfc062723c751e8b465ee728b)
Start importing Assets/Scripts/Tile_Spawn.cs using Guid(50379b3b0b41f8e46aff464ee6d361bb) Importer(815301076,1909f56bfc062723c751e8b465ee728b)  -> (artifact id: '152324dfa53c27803ec970ed665c2ad1') in 0.013084 seconds
  Import took 0.015000 seconds .

========================================================================
Received Import Request.
  Time since last request: 302.715249 seconds.
  path: Assets/Scripts/Tile_Spawn.cs
  artifactKey: Guid(50379b3b0b41f8e46aff464ee6d361bb) Importer(815301076,1909f56bfc062723c751e8b465ee728b)
Start importing Assets/Scripts/Tile_Spawn.cs using Guid(50379b3b0b41f8e46aff464ee6d361bb) Importer(815301076,1909f56bfc062723c751e8b465ee728b)  -> (artifact id: '971b7587e03f25f879abf175db1df18e') in 0.002727 seconds
  Import took 0.005271 seconds .

========================================================================
Received Import Request.
  Time since last request: 202.464010 seconds.
  path: Assets/Scripts/Tile_Spawn.cs
  artifactKey: Guid(50379b3b0b41f8e46aff464ee6d361bb) Importer(815301076,1909f56bfc062723c751e8b465ee728b)
Start importing Assets/Scripts/Tile_Spawn.cs using Guid(50379b3b0b41f8e46aff464ee6d361bb) Importer(815301076,1909f56bfc062723c751e8b465ee728b)  -> (artifact id: '7fb62a6bbdb5994363c18ac9aad028c4') in 0.002420 seconds
  Import took 0.004913 seconds .

========================================================================
Received Import Request.
  Time since last request: 2.203292 seconds.
  path: Assets/Scripts/Player_Controls.cs
  artifactKey: Guid(80a51cf4909e4b043af934ace1da4eaa) Importer(815301076,1909f56bfc062723c751e8b465ee728b)
Start importing Assets/Scripts/Player_Controls.cs using Guid(80a51cf4909e4b043af934ace1da4eaa) Importer(815301076,1909f56bfc062723c751e8b465ee728b)  -> (artifact id: '50533a23dc72b993ff4b17b070190b5b') in 0.006367 seconds
  Import took 0.008365 seconds .

========================================================================
Received Import Request.
  Time since last request: 417.645484 seconds.
  path: Assets/Scripts/Player_Controls.cs
  artifactKey: Guid(80a51cf4909e4b043af934ace1da4eaa) Importer(815301076,1909f56bfc062723c751e8b465ee728b)
Start importing Assets/Scripts/Player_Controls.cs using Guid(80a51cf4909e4b043af934ace1da4eaa) Importer(815301076,1909f56bfc062723c751e8b465ee728b)  -> (artifact id: '3b05f3c1f1d49228cba20f2b3144b5c9') in 0.001733 seconds
  Import took 0.003759 seconds .

========================================================================
Received Prepare
Registering precompiled user dll's ...
Registered in 0.000612 seconds.
Begin MonoManager ReloadAssembly
Native extension for WindowsStandalone target not found
Native extension for WebGL target not found
Refreshing native plugins compatible for Editor in 0.24 ms, found 0 plugins.
Preloading 0 native plugins for Editor in 0.00 ms.
Mono: successfully reloaded assembly
- Completed reload, in  0.644 seconds
Platform modules already initialized, skipping
Refreshing native plugins compatible for Editor in 0.30 ms, found 0 plugins.
Preloading 0 native plugins for Editor in 0.00 ms.
Unloading 1452 Unused Serialized files (Serialized files now loaded: 0)
System memory in use before: 70.0 MB.
System memory in use after: 70.1 MB.

Unloading 6 unused Assets to reduce memory usage. Loaded Objects now: 1925.
Total: 1.543800 ms (FindLiveObjects: 0.181800 ms CreateObjectMapping: 0.045900 ms MarkObjects: 1.236400 ms  DeleteObjects: 0.079100 ms)

========================================================================
Received Import Request.
  Time since last request: 32.591982 seconds.
  path: Assets/Scripts/Player_Controls.cs
  artifactKey: Guid(80a51cf4909e4b043af934ace1da4eaa) Importer(815301076,1909f56bfc062723c751e8b465ee728b)
Start importing Assets/Scripts/Player_Controls.cs using Guid(80a51cf4909e4b043af934ace1da4eaa) Importer(815301076,1909f56bfc062723c751e8b465ee728b)  -> (artifact id: 'd6d48e24b25310e9ef9a7707ada9dff5') in 0.004937 seconds
  Import took 0.006923 seconds .

========================================================================
Received Prepare
Registering precompiled user dll's ...
Registered in 0.000478 seconds.
Begin MonoManager ReloadAssembly
Native extension for WindowsStandalone target not found
Native extension for WebGL target not found
Refreshing native plugins compatible for Editor in 0.25 ms, found 0 plugins.
Preloading 0 native plugins for Editor in 0.00 ms.
Mono: successfully reloaded assembly
- Completed reload, in  0.625 seconds
Platform modules already initialized, skipping
Refreshing native plugins compatible for Editor in 0.24 ms, found 0 plugins.
Preloading 0 native plugins for Editor in 0.00 ms.
Unloading 1452 Unused Serialized files (Serialized files now loaded: 0)
System memory in use before: 70.1 MB.
System memory in use after: 70.1 MB.

Unloading 6 unused Assets to reduce memory usage. Loaded Objects now: 1928.
Total: 1.742800 ms (FindLiveObjects: 0.213600 ms CreateObjectMapping: 0.063600 ms MarkObjects: 1.386500 ms  DeleteObjects: 0.078000 ms)

========================================================================
Received Import Request.
  Time since last request: 95.956861 seconds.
  path: Assets/Scripts/Player_Controls.cs
  artifactKey: Guid(80a51cf4909e4b043af934ace1da4eaa) Importer(815301076,1909f56bfc062723c751e8b465ee728b)
Start importing Assets/Scripts/Player_Controls.cs using Guid(80a51cf4909e4b043af934ace1da4eaa) Importer(815301076,1909f56bfc062723c751e8b465ee728b)  -> (artifact id: '9c5991abb5596a10f4811778a525597c') in 0.004039 seconds
  Import took 0.006164 seconds .

========================================================================
Received Import Request.
  Time since last request: 1.199206 seconds.
  path: Assets/Scripts/Player_Controls.cs
  artifactKey: Guid(80a51cf4909e4b043af934ace1da4eaa) Importer(815301076,1909f56bfc062723c751e8b465ee728b)
Start importing Assets/Scripts/Player_Controls.cs using Guid(80a51cf4909e4b043af934ace1da4eaa) Importer(815301076,1909f56bfc062723c751e8b465ee728b)  -> (artifact id: '9c5991abb5596a10f4811778a525597c') in 0.001699 seconds
  Import took 0.003603 seconds .

========================================================================
Received Prepare
Registering precompiled user dll's ...
Registered in 0.000506 seconds.
Begin MonoManager ReloadAssembly
Native extension for WindowsStandalone target not found
Native extension for WebGL target not found
Refreshing native plugins compatible for Editor in 0.26 ms, found 0 plugins.
Preloading 0 native plugins for Editor in 0.00 ms.
Mono: successfully reloaded assembly
- Completed reload, in  0.631 seconds
Platform modules already initialized, skipping
Refreshing native plugins compatible for Editor in 0.24 ms, found 0 plugins.
Preloading 0 native plugins for Editor in 0.00 ms.
Unloading 1452 Unused Serialized files (Serialized files now loaded: 0)
System memory in use before: 70.1 MB.
System memory in use after: 70.1 MB.

Unloading 6 unused Assets to reduce memory usage. Loaded Objects now: 1931.
Total: 2.612800 ms (FindLiveObjects: 0.323900 ms CreateObjectMapping: 0.141300 ms MarkObjects: 2.056000 ms  DeleteObjects: 0.090400 ms)

========================================================================
Received Prepare
Registering precompiled user dll's ...
Registered in 0.000498 seconds.
Begin MonoManager ReloadAssembly
Native extension for WindowsStandalone target not found
Native extension for WebGL target not found
Refreshing native plugins compatible for Editor in 0.24 ms, found 0 plugins.
Preloading 0 native plugins for Editor in 0.00 ms.
Mono: successfully reloaded assembly
- Completed reload, in  0.625 seconds
Platform modules already initialized, skipping
Refreshing native plugins compatible for Editor in 0.25 ms, found 0 plugins.
Preloading 0 native plugins for Editor in 0.00 ms.
Unloading 1452 Unused Serialized files (Serialized files now loaded: 0)
System memory in use before: 70.1 MB.
System memory in use after: 70.1 MB.

Unloading 6 unused Assets to reduce memory usage. Loaded Objects now: 1934.
Total: 1.490300 ms (FindLiveObjects: 0.155300 ms CreateObjectMapping: 0.045400 ms MarkObjects: 1.214200 ms  DeleteObjects: 0.074500 ms)

========================================================================
Received Prepare
Registering precompiled user dll's ...
Registered in 0.000470 seconds.
Begin MonoManager ReloadAssembly
Native extension for WindowsStandalone target not found
Native extension for WebGL target not found
Refreshing native plugins compatible for Editor in 0.40 ms, found 0 plugins.
Preloading 0 native plugins for Editor in 0.00 ms.
Mono: successfully reloaded assembly
- Completed reload, in  0.636 seconds
Platform modules already initialized, skipping
Refreshing native plugins compatible for Editor in 0.24 ms, found 0 plugins.
Preloading 0 native plugins for Editor in 0.00 ms.
Unloading 1452 Unused Serialized files (Serialized files now loaded: 0)
System memory in use before: 70.1 MB.
System memory in use after: 70.1 MB.

Unloading 6 unused Assets to reduce memory usage. Loaded Objects now: 1937.
Total: 1.599400 ms (FindLiveObjects: 0.161100 ms CreateObjectMapping: 0.050100 ms MarkObjects: 1.298900 ms  DeleteObjects: 0.088100 ms)

========================================================================
Received Prepare
Registering precompiled user dll's ...
Registered in 0.000454 seconds.
Begin MonoManager ReloadAssembly
Native extension for WindowsStandalone target not found
Native extension for WebGL target not found
Refreshing native plugins compatible for Editor in 0.23 ms, found 0 plugins.
Preloading 0 native plugins for Editor in 0.00 ms.
Mono: successfully reloaded assembly
- Completed reload, in  0.617 seconds
Platform modules already initialized, skipping
Refreshing native plugins compatible for Editor in 0.24 ms, found 0 plugins.
Preloading 0 native plugins for Editor in 0.00 ms.
Unloading 1452 Unused Serialized files (Serialized files now loaded: 0)
System memory in use before: 70.1 MB.
System memory in use after: 70.2 MB.

Unloading 6 unused Assets to reduce memory usage. Loaded Objects now: 1940.
Total: 1.830300 ms (FindLiveObjects: 0.190000 ms CreateObjectMapping: 0.048100 ms MarkObjects: 1.508400 ms  DeleteObjects: 0.082800 ms)

========================================================================
Received Prepare
Registering precompiled user dll's ...
Registered in 0.000708 seconds.
Begin MonoManager ReloadAssembly
Native extension for WindowsStandalone target not found
Native extension for WebGL target not found
Refreshing native plugins compatible for Editor in 0.24 ms, found 0 plugins.
Preloading 0 native plugins for Editor in 0.00 ms.
Mono: successfully reloaded assembly
- Completed reload, in  0.618 seconds
Platform modules already initialized, skipping
Refreshing native plugins compatible for Editor in 0.27 ms, found 0 plugins.
Preloading 0 native plugins for Editor in 0.00 ms.
Unloading 1452 Unused Serialized files (Serialized files now loaded: 0)
System memory in use before: 70.1 MB.
System memory in use after: 70.2 MB.

Unloading 6 unused Assets to reduce memory usage. Loaded Objects now: 1943.
Total: 2.206800 ms (FindLiveObjects: 0.157700 ms CreateObjectMapping: 0.046200 ms MarkObjects: 1.921800 ms  DeleteObjects: 0.080400 ms)

========================================================================
Received Prepare
Registering precompiled user dll's ...
Registered in 0.000465 seconds.
Begin MonoManager ReloadAssembly
Native extension for WindowsStandalone target not found
Native extension for WebGL target not found
Refreshing native plugins compatible for Editor in 0.24 ms, found 0 plugins.
Preloading 0 native plugins for Editor in 0.00 ms.
Mono: successfully reloaded assembly
- Completed reload, in  0.631 seconds
Platform modules already initialized, skipping
Refreshing native plugins compatible for Editor in 0.24 ms, found 0 plugins.
Preloading 0 native plugins for Editor in 0.00 ms.
Unloading 1452 Unused Serialized files (Serialized files now loaded: 0)
System memory in use before: 70.1 MB.
System memory in use after: 70.2 MB.

Unloading 6 unused Assets to reduce memory usage. Loaded Objects now: 1946.
Total: 1.475000 ms (FindLiveObjects: 0.147000 ms CreateObjectMapping: 0.039500 ms MarkObjects: 1.212500 ms  DeleteObjects: 0.075100 ms)

========================================================================
Received Prepare
Registering precompiled user dll's ...
Registered in 0.000456 seconds.
Begin MonoManager ReloadAssembly
Native extension for WindowsStandalone target not found
Native extension for WebGL target not found
Refreshing native plugins compatible for Editor in 0.25 ms, found 0 plugins.
Preloading 0 native plugins for Editor in 0.00 ms.
Mono: successfully reloaded assembly
- Completed reload, in  0.628 seconds
Platform modules already initialized, skipping
Refreshing native plugins compatible for Editor in 0.24 ms, found 0 plugins.
Preloading 0 native plugins for Editor in 0.00 ms.
Unloading 1452 Unused Serialized files (Serialized files now loaded: 0)
System memory in use before: 70.1 MB.
System memory in use after: 70.2 MB.

Unloading 6 unused Assets to reduce memory usage. Loaded Objects now: 1949.
Total: 1.467100 ms (FindLiveObjects: 0.152200 ms CreateObjectMapping: 0.046700 ms MarkObjects: 1.197400 ms  DeleteObjects: 0.070200 ms)

AssetImportWorkerClient::OnTransportError - code=2 error=End of file
